  [1m[36m (4.5ms)[0m  [1mCREATE TABLE "schema_migrations" ("version" varchar(255) NOT NULL) [0m
  [1m[35m (4.8ms)[0m  CREATE UNIQUE INDEX "unique_schema_migrations" ON "schema_migrations" ("version")
  [1m[36mActiveRecord::SchemaMigration Load (1.2ms)[0m  [1mSELECT "schema_migrations".* FROM "schema_migrations"[0m
Migrating to CreateTodoLists (20131204224505)
  [1m[35m (0.1ms)[0m  begin transaction
  [1m[36m (3.1ms)[0m  [1mCREATE TABLE "todo_lists" ("id" INTEGER PRIMARY KEY AUTOINCREMENT NOT NULL, "title" varchar(255), "description" text, "created_at" datetime, "updated_at" datetime) [0m
  [1m[35mSQL (1.0ms)[0m  INSERT INTO "schema_migrations" ("version") VALUES (?)  [["version", "20131204224505"]]
  [1m[36m (2.6ms)[0m  [1mcommit transaction[0m
Migrating to CreateTodoItems (20131209232612)
  [1m[35m (0.1ms)[0m  begin transaction
  [1m[36m (3.1ms)[0m  [1mCREATE TABLE "todo_items" ("id" INTEGER PRIMARY KEY AUTOINCREMENT NOT NULL, "todo_list_id" integer, "content" varchar(255), "created_at" datetime, "updated_at" datetime) [0m
  [1m[35m (0.1ms)[0m  CREATE INDEX "index_todo_items_on_todo_list_id" ON "todo_items" ("todo_list_id")
  [1m[36mSQL (0.9ms)[0m  [1mINSERT INTO "schema_migrations" ("version") VALUES (?)[0m  [["version", "20131209232612"]]
  [1m[35m (2.5ms)[0m  commit transaction
  [1m[36mActiveRecord::SchemaMigration Load (1.3ms)[0m  [1mSELECT "schema_migrations".* FROM "schema_migrations"[0m


Started GET "/" for 10.0.2.2 at 2014-07-05 17:43:04 -0400
  [1m[36mActiveRecord::SchemaMigration Load (1.4ms)[0m  [1mSELECT "schema_migrations".* FROM "schema_migrations"[0m
Processing by TodoListsController#index as HTML
  [1m[35mTodoList Load (1.6ms)[0m  SELECT "todo_lists".* FROM "todo_lists"
  Rendered todo_lists/index.html.erb within layouts/application (8.8ms)
Completed 200 OK in 1070ms (Views: 1018.4ms | ActiveRecord: 1.6ms)


Started GET "/assets/scaffolds.css?body=1" for 10.0.2.2 at 2014-07-05 17:43:06 -0400


Started GET "/assets/application.css?body=1" for 10.0.2.2 at 2014-07-05 17:43:06 -0400


Started GET "/assets/jquery_ujs.js?body=1" for 10.0.2.2 at 2014-07-05 17:43:06 -0400


Started GET "/assets/jquery.js?body=1" for 10.0.2.2 at 2014-07-05 17:43:06 -0400


Started GET "/assets/todo_lists.css?body=1" for 10.0.2.2 at 2014-07-05 17:43:06 -0400


Started GET "/assets/todo_items.css?body=1" for 10.0.2.2 at 2014-07-05 17:43:06 -0400


Started GET "/assets/turbolinks.js?body=1" for 10.0.2.2 at 2014-07-05 17:43:06 -0400


Started GET "/assets/todo_items.js?body=1" for 10.0.2.2 at 2014-07-05 17:43:06 -0400


Started GET "/assets/todo_lists.js?body=1" for 10.0.2.2 at 2014-07-05 17:43:07 -0400


Started GET "/assets/application.js?body=1" for 10.0.2.2 at 2014-07-05 17:43:07 -0400


Started GET "/todo_lists/new" for 10.0.2.2 at 2014-07-05 17:43:09 -0400
Processing by TodoListsController#new as HTML
  Rendered todo_lists/_form.html.erb (55.4ms)
  Rendered todo_lists/new.html.erb within layouts/application (90.7ms)
Completed 200 OK in 192ms (Views: 188.8ms | ActiveRecord: 1.8ms)


Started GET "/todo_lists" for 10.0.2.2 at 2014-07-05 17:43:11 -0400
Processing by TodoListsController#index as HTML
  [1m[36mTodoList Load (1.5ms)[0m  [1mSELECT "todo_lists".* FROM "todo_lists"[0m
  Rendered todo_lists/index.html.erb within layouts/application (3.2ms)
Completed 200 OK in 99ms (Views: 97.5ms | ActiveRecord: 1.5ms)
  [1m[36mActiveRecord::SchemaMigration Load (1.6ms)[0m  [1mSELECT "schema_migrations".* FROM "schema_migrations"[0m
Migrating to AddCompletedAtTodoItems (20140705224725)
  [1m[35m (0.1ms)[0m  begin transaction
  [1m[36mSQL (3.4ms)[0m  [1mINSERT INTO "schema_migrations" ("version") VALUES (?)[0m  [["version", "20140705224725"]]
  [1m[35m (2.3ms)[0m  commit transaction
  [1m[36mActiveRecord::SchemaMigration Load (2.2ms)[0m  [1mSELECT "schema_migrations".* FROM "schema_migrations"[0m
  [1m[36mActiveRecord::SchemaMigration Load (1.7ms)[0m  [1mSELECT "schema_migrations".* FROM "schema_migrations"[0m
  [1m[35mActiveRecord::SchemaMigration Load (1.4ms)[0m  SELECT "schema_migrations".* FROM "schema_migrations"
